This is LuaHBTeX, Version 1.18.1 (MiKTeX 24.4) (format=lualatex 2024.6.29)  8 JUL 2024 16:00
 restricted system commands enabled.
**emisionLine1.png main.tex
(./emisionLine1.png
LaTeX2e <2024-06-01> patch level 1
L3 programming layer <2024-05-27>
Lua module: luaotfload 2024-02-14 3.28 Lua based OpenType font support
Lua module: lualibs 2023-07-13 2.76 ConTeXt Lua standard libraries.
Lua module: lualibs-extended 2023-07-13 2.76 ConTeXt Lua libraries -- extended c
ollection.
luaotfload | conf : Root cache directory is "/home/renato/.miktex/texmfs/data/lu
atex-cache/generic/names".
luaotfload | init : Loading fontloader "fontloader-2023-12-28.lua" from kpse-res
olved path "/usr/local/share/miktex-texmf/tex/luatex/luaotfload/fontloader-2023-
12-28.lua".
Lua-only attribute luaotfload@noligature = 1
luaotfload | init : Context OpenType loader version 3.134
Inserting `luaotfload.node_processor' in `pre_linebreak_filter'.
Inserting `luaotfload.node_processor' in `hpack_filter'.
Inserting `luaotfload.glyph_stream' in `glyph_stream_provider'.
Inserting `luaotfload.define_font' in `define_font'.
Lua-only attribute luaotfload_color_attribute = 2
luaotfload | conf : Root cache directory is "/home/renato/.miktex/texmfs/data/lu
atex-cache/generic/names".
Inserting `luaotfload.harf.strip_prefix' in `find_opentype_file'.
Inserting `luaotfload.harf.strip_prefix' in `find_truetype_file'.
Removing  `luaotfload.glyph_stream' from `glyph_stream_provider'.
Inserting `luaotfload.harf.glyphstream' in `glyph_stream_provider'.
Inserting `luaotfload.harf.finalize_vlist' in `post_linebreak_filter'.
Inserting `luaotfload.harf.finalize_hlist' in `hpack_filter'.
Inserting `luaotfload.cleanup_files' in `wrapup_run'.
Inserting `luaotfload.harf.finalize_unicode' in `finish_pdffile'.
Inserting `luaotfload.glyphinfo' in `glyph_info'.
Lua-only attribute luaotfload.letterspace_done = 3
Inserting `luaotfload.aux.set_sscale_dimens' in `luaotfload.patch_font'.
Inserting `luaotfload.aux.set_font_index' in `luaotfload.patch_font'.
Inserting `luaotfload.aux.patch_cambria_domh' in `luaotfload.patch_font'.
Inserting `luaotfload.aux.fixup_fontdata' in `luaotfload.patch_font_unsafe'.
Inserting `luaotfload.aux.set_capheight' in `luaotfload.patch_font'.
Inserting `luaotfload.aux.set_xheight' in `luaotfload.patch_font'.
Inserting `luaotfload.rewrite_fontname' in `luaotfload.patch_font'.
Inserting `tracingstacklevels' in `input_level_string'.
! String contains an invalid utf-8 sequence.
l.1 
  PNG
? 

! LaTeX Error: Missing \begin{document}.

See the LaTeX manual or LaTeX Companion for explanation.
Type  H <return>  for immediate help.
 ...                                              
                                                  
l.1 PN
     G
? 
! Text line contains an invalid character.
l.2 ^^Z
   
? 

Overfull \hbox (20.0pt too wide) in paragraph at lines 1--2
[]ï¿½G 
 []

! Text line contains an invalid character.
l.3 ^^@
   ^^@^^@
? 
! Text line contains an invalid character.
l.3 ^^@^^@
    ^^@
? 
! Text line contains an invalid character.
l.3 ^^@^^@^^@
     
? 

! LaTeX Error: Missing \begin{document}.

See the LaTeX manual or LaTeX Companion for explanation.
Type  H <return>  for immediate help.
 ...                                              
                                                  
l.4 I
   HDR^^@^^@^^@^^@^^@^^@é^^H^^F^^H^^F^^@^^@^^@_^^WC^^@^^@^^@^^DsBIT^^H^^H^^H^^H
|^^Hd^^@^^@^^@^^YtEXtSoftware^^@gnome-screenshotï^^C¿^^C>...
? 
! Text line contains an invalid character.
l.4 IHDR^^@
       ^^@^^@^^@^^@^^@é^^H^^F^^H^^F^^@^^@^^@_^^WC^^@^^@^^@^^DsBIT^^H^^H^^H^^H|
^^Hd^^@^^@^^@^^YtEXtSoftware^^@gnome-screenshotï^^C¿^^C>...
? 
! Text line contains an invalid character.
l.4 IHDR^^@^^@
        ^^@^^@^^@^^@é^^H^^F^^H^^F^^@^^@^^@_^^WC^^@^^@^^@^^DsBIT^^H^^H^^H^^H|^^H
d^^@^^@^^@^^YtEXtSoftware^^@gnome-screenshotï^^C¿^^C>...
? 
! Text line contains an invalid character.
l.4 IHDR^^@^^@^^@
         ^^@^^@^^@é^^H^^F^^H^^F^^@^^@^^@_^^WC^^@^^@^^@^^DsBIT^^H^^H^^H^^H|^^Hd
^^@^^@^^@^^YtEXtSoftware^^@gnome-screenshotï^^C¿^^C>...
? 
! String contains an invalid utf-8 sequence.
l.4 IHDR^^@^^@^^@
         ^^@^^@^^@é^^H^^F^^H^^F^^@^^@^^@_^^WC^^@^^@^^@^^DsBIT^^H^^H^^H^^H|^^Hd
^^@^^@^^@^^YtEXtSoftware^^@gnome-screenshotï^^C¿^^C>...
? 
! Text line contains an invalid character.
l.4 IHDR^^@^^@^^@^^@^^@^^@
             é^^H^^F^^H^^F^^@^^@^^@_^^WC^^@^^@^^@^^DsBIT^^H^^H^^H^^H|^^Hd^^@^^@
^^@^^YtEXtSoftware^^@gnome-screenshotï^^C¿^^C>...
? 
! String contains an invalid utf-8 sequence.
l.4 IHDR^^@^^@^^@^^@^^@^^@
             é^^H^^F^^H^^F^^@^^@^^@_^^WC^^@^^@^^@^^DsBIT^^H^^H^^H^^H|^^Hd^^@^^@
^^@^^YtEXtSoftware^^@gnome-screenshotï^^C¿^^C>...
? 
! Text line contains an invalid character.
l.4 IHDR^^@^^@^^@^^@^^@^^@é^^H^^F^^H^^F^^@
                 ^^@^^@_^^WC^^@^^@^^@^^DsBIT^^H^^H^^H^^H|^^Hd^^@^^@^^@^^YtEXtSo
ftware^^@gnome-screenshotï^^C¿^^C>...
? 
! Text line contains an invalid character.
l.4 IHDR^^@^^@^^@^^@^^@^^@é^^H^^F^^H^^F^^@^^@
                  ^^@_^^WC^^@^^@^^@^^DsBIT^^H^^H^^H^^H|^^Hd^^@^^@^^@^^YtEXtSoft
ware^^@gnome-screenshotï^^C¿^^C>...
? 
! Text line contains an invalid character.
l.4 IHDR^^@^^@^^@^^@^^@^^@é^^H^^F^^H^^F^^@^^@^^@
                   _^^WC^^@^^@^^@^^DsBIT^^H^^H^^H^^H|^^Hd^^@^^@^^@^^YtEXtSoftwa
re^^@gnome-screenshotï^^C¿^^C>...
? 
! Missing $ inserted.
<inserted text> 
$
l.4 IHDR^^@^^@^^@^^@^^@^^@é^^H^^F^^H^^F^^@^^@^^@_
                    ^^WC^^@^^@^^@^^DsBIT^^H^^H^^H^^H|^^Hd^^@^^@^^@^^YtEXtSoftwa
re^^@gnome-screenshotï^^C¿^^C>...
? 
LaTeX Font Info:    External font `cmex10' loaded for size
(Font)              <7> on input line 4.
LaTeX Font Info:    External font `cmex10' loaded for size
(Font)              <5> on input line 4.
! String contains an invalid utf-8 sequence.
l.4 IHDR^^@^^@^^@^^@^^@^^@é^^H^^F^^H^^F^^@^^@^^@_
                    ^^WC^^@^^@^^@^^DsBIT^^H^^H^^H^^H|^^Hd^^@^^@^^@^^YtEXtSoftwa
re^^@gnome-screenshotï^^C¿^^C>...
? 
! Text line contains an invalid character.
l.4 IHDR^^@^^@^^@^^@^^@^^@é^^H^^F^^H^^F^^@^^@^^@_^^WC^^@
                        ^^@^^@^^DsBIT^^H^^H^^H^^H|^^Hd^^@^^@^^@^^YtEXtSoftware
^^@gnome-screenshotï^^C¿^^C>...
? 
! Text line contains an invalid character.
l.4 IHDR^^@^^@^^@^^@^^@^^@é^^H^^F^^H^^F^^@^^@^^@_^^WC^^@^^@
                         ^^@^^DsBIT^^H^^H^^H^^H|^^Hd^^@^^@^^@^^YtEXtSoftware^^@
gnome-screenshotï^^C¿^^C>...
? 
! Text line contains an invalid character.
l.4 IHDR^^@^^@^^@^^@^^@^^@é^^H^^F^^H^^F^^@^^@^^@_^^WC^^@^^@^^@
                          ^^DsBIT^^H^^H^^H^^H|^^Hd^^@^^@^^@^^YtEXtSoftware^^@gn
ome-screenshotï^^C¿^^C>...
? 
! Text line contains an invalid character.
l.4 IHDR^^@^^@^^@^^@^^@^^@é^^H^^F^^H^^F^^@^^@^^@_^^WC^^@^^@^^@^^D
                           sBIT^^H^^H^^H^^H|^^Hd^^@^^@^^@^^YtEXtSoftware^^@gnom
e-screenshotï^^C¿^^C>...
? 
! Text line contains an invalid character.
l.4 IHDR^^@^^@^^@^^@^^@^^@é^^H^^F^^H^^F^^@^^@^^@_^^WC^^@^^@^^@^^DsBIT^^H
                                ^^H^^H^^H|^^Hd^^@^^@^^@^^YtEXtSoftware^^@gnome-
screenshotï^^C¿^^C>...
? 
! Text line contains an invalid character.
l.4 IHDR^^@^^@^^@^^@^^@^^@é^^H^^F^^H^^F^^@^^@^^@_^^WC^^@^^@^^@^^DsBIT^^H^^H
                                 ^^H^^H|^^Hd^^@^^@^^@^^YtEXtSoftware^^@gnome-sc
reenshotï^^C¿^^C>...
? 
! Text line contains an invalid character.
l.4 IHDR^^@^^@^^@^^@^^@^^@é^^H^^F^^H^^F^^@^^@^^@_^^WC^^@^^@^^@^^DsBIT^^H^^H^^H
                                  ^^H|^^Hd^^@^^@^^@^^YtEXtSoftware^^@gnome-scre
enshotï^^C¿^^C>...
? 
! Text line contains an invalid character.
l.4 IHDR^^@^^@^^@^^@^^@^^@é^^H^^F^^H^^F^^@^^@^^@_^^WC^^@^^@^^@^^DsBIT^^H^^H^^H
^^H
                                   |^^Hd^^@^^@^^@^^YtEXtSoftware^^@gnome-screen
shotï^^C¿^^C>...
? 
! Text line contains an invalid character.
l.4 IHDR^^@^^@^^@^^@^^@^^@é^^H^^F^^H^^F^^@^^@^^@_^^WC^^@^^@^^@^^DsBIT^^H^^H^^H
^^H|^^H
                                     d^^@^^@^^@^^YtEXtSoftware^^@gnome-screensh
otï^^C¿^^C>...
? 
! String contains an invalid utf-8 sequence.
l.4 IHDR^^@^^@^^@^^@^^@^^@é^^H^^F^^H^^F^^@^^@^^@_^^WC^^@^^@^^@^^DsBIT^^H^^H^^H
^^H|^^Hd
                                      ^^@^^@^^@^^YtEXtSoftware^^@gnome-screensh
otï^^C¿^^C>...
? 
! Text line contains an invalid character.
l.4 IHDR^^@^^@^^@^^